[0m2021-03-27 00:00:56 V/Net 3532688231: Send: Heartbeat.Alive[0m
[0m2021-03-27 00:00:56 V/Net 3532688231: Recv: Heartbeat.Alive.Response[0m
[0m2021-03-27 00:02:17 V/Net 3532688231: Loading BdhSession from cache file[0m
[0m2021-03-27 00:02:17 V/Net 3532688231: Loading server list from cache.[0m
[92m2021-03-27 00:02:17 I/Net 3532688231: Connected to server 114.221.148.14:8080[0m
[0m2021-03-27 00:02:17 V/Net 3532688231: Send: wtlogin.login[0m
[0m2021-03-27 00:02:18 V/Net 3532688231: Recv: LoginPacketResponse.Success[0m
[92m2021-03-27 00:02:18 I/Net 3532688231: Login successful[0m
[0m2021-03-27 00:02:18 V/Net 3532688231: Send: StatSvc.register[0m
[0m2021-03-27 00:02:18 V/Net 3532688231: Recv: Response(StatSvc.register)[0m
[92m2021-03-27 00:02:18 I/Net 3532688231: Scheduled key refresh in 5h 55min 0.0s.[0m
[0m2021-03-27 00:02:18 V/Net 3532688231: Send: StatSvc.register[0m
[0m2021-03-27 00:02:18 V/Net 3532688231: Recv: Response(StatSvc.register)[0m
[92m2021-03-27 00:02:18 I/Net 3532688231: Awaiting ConfigPushSvc.PushReq.[0m
[92m2021-03-27 00:02:18 I/Net 3532688231: Syncing friend message history...[0m
[92m2021-03-27 00:02:18 I/Net 3532688231: Start loading stranger list...[0m
[92m2021-03-27 00:02:18 I/Net 3532688231: Start loading friend list...[0m
[0m2021-03-27 00:02:18 V/Net 3532688231: Send: MessageSvc.PbGetMsg[0m
[0m2021-03-27 00:02:18 V/Net 3532688231: Send: OidbSvc.0x496[0m
[0m2021-03-27 00:02:18 V/Net 3532688231: Send: OidbSvc.0x5d2_0[0m
[0m2021-03-27 00:02:18 V/Net 3532688231: Send: StatSvc.GetDevLoginInfo[0m
[0m2021-03-27 00:02:18 V/Net 3532688231: Send: friendlist.getFriendGroupList[0m
[0m2021-03-27 00:02:18 V/Net 3532688231: Recv: StrangerList.GetStrangerList.Response(result=0)[0m
[92m2021-03-27 00:02:18 I/Net 3532688231: Successfully loaded stranger list: 0 in total[0m
[0m2021-03-27 00:02:18 V/Net 3532688231: Recv: StatSvc.GetDevLoginInfo.Response(deviceList.size=1)[0m
[0m2021-03-27 00:02:18 V/Net 3532688231: Recv: TroopManagement.GetTroopConfig.Response(true)[0m
[92m2021-03-27 00:02:18 I/Net 3532688231: Start loading group list...[0m
[0m2021-03-27 00:02:18 V/Net 3532688231: Send: friendlist.GetTroopListReqV2[0m
[0m2021-03-27 00:02:18 V/Net 3532688231: Send: MessageSvc.PbDeleteMsg[0m
[0m2021-03-27 00:02:18 V/Net 3532688231: Send: MessageSvc.PbGetMsg[0m
[0m2021-03-27 00:02:18 V/Net 3532688231: Send: MessageSvc.PbDeleteMsg[0m
[0m2021-03-27 00:02:18 V/Net 3532688231: Send: MessageSvc.PbGetMsg[0m
[0m2021-03-27 00:02:18 V/Net 3532688231: Recv: FriendList.GetFriendGroupList.Response[0m
[0m2021-03-27 00:02:18 V/Net 3532688231: Send: friendlist.GetTroopMemberListReq[0m
[0m2021-03-27 00:02:18 V/Net 3532688231: Send: friendlist.GetTroopMemberListReq[0m
[0m2021-03-27 00:02:18 V/Net 3532688231: Send: friendlist.GetTroopMemberListReq[0m
[0m2021-03-27 00:02:18 V/Net 3532688231: Send: friendlist.GetTroopMemberListReq[0m
[0m2021-03-27 00:02:18 V/Net 3532688231: Send: friendlist.GetTroopMemberListReq[0m
[0m2021-03-27 00:02:18 V/Net 3532688231: Send: friendlist.GetTroopMemberListReq[0m
[0m2021-03-27 00:02:18 V/Net 3532688231: Send: friendlist.GetTroopMemberListReq[0m
[0m2021-03-27 00:02:18 V/Net 3532688231: Send: friendlist.GetTroopMemberListReq[0m
[0m2021-03-27 00:02:18 V/Net 3532688231: Send: friendlist.GetTroopMemberListReq[0m
[0m2021-03-27 00:02:18 V/Net 3532688231: Send: friendlist.GetTroopMemberListReq[0m
[0m2021-03-27 00:02:18 V/Net 3532688231: Send: friendlist.GetTroopMemberListReq[0m
[0m2021-03-27 00:02:18 V/Net 3532688231: Send: friendlist.GetTroopMemberListReq[0m
[0m2021-03-27 00:02:18 V/Net 3532688231: Send: friendlist.GetTroopMemberListReq[0m
[0m2021-03-27 00:02:18 V/Net 3532688231: Send: friendlist.GetTroopMemberListReq[0m
[0m2021-03-27 00:02:18 V/Net 3532688231: Send: friendlist.GetTroopMemberListReq[0m
[0m2021-03-27 00:02:18 V/Net 3532688231: Send: friendlist.GetTroopMemberListReq[0m
[0m2021-03-27 00:02:18 V/Net 3532688231: Send: friendlist.GetTroopMemberListReq[0m
[0m2021-03-27 00:02:18 V/Net 3532688231: Send: MessageSvc.PbDeleteMsg[0m
[0m2021-03-27 00:02:18 V/Net 3532688231: Send: MessageSvc.PbGetMsg[0m
[0m2021-03-27 00:02:18 V/Net 3532688231: Recv: FriendList.GetFriendGroupList.Response[0m
[0m2021-03-27 00:02:18 V/Net 3532688231: Loading friend list: 73/73[0m
[92m2021-03-27 00:02:18 I/Net 3532688231: Successfully loaded friend list: 73 in total[0m
[0m2021-03-27 00:02:18 V/Net 3532688231: Recv: FriendList.GetTroopMemberList.Response[0m
[0m2021-03-27 00:02:18 V/Net 3532688231: Recv: FriendList.GetTroopMemberList.Response[0m
[0m2021-03-27 00:02:18 V/Net 3532688231: Recv: FriendList.GetTroopMemberList.Response[0m
[0m2021-03-27 00:02:18 V/Net 3532688231: Recv: FriendList.GetTroopMemberList.Response[0m
[0m2021-03-27 00:02:18 V/Net 3532688231: Recv: FriendList.GetTroopMemberList.Response[0m
[0m2021-03-27 00:02:18 V/Net 3532688231: Recv: FriendList.GetTroopMemberList.Response[0m
[0m2021-03-27 00:02:18 V/Net 3532688231: Recv: FriendList.GetTroopMemberList.Response[0m
[0m2021-03-27 00:02:18 V/Net 3532688231: Recv: FriendList.GetTroopMemberList.Response[0m
[0m2021-03-27 00:02:18 V/Net 3532688231: Recv: FriendList.GetTroopMemberList.Response[0m
[0m2021-03-27 00:02:18 V/Net 3532688231: Recv: FriendList.GetTroopMemberList.Response[0m
[0m2021-03-27 00:02:18 V/Net 3532688231: Recv: FriendList.GetTroopMemberList.Response[0m
[0m2021-03-27 00:02:18 V/Net 3532688231: Send: MessageSvc.PbDeleteMsg[0m
[0m2021-03-27 00:02:18 V/Net 3532688231: Send: MessageSvc.PbGetMsg[0m
[0m2021-03-27 00:02:18 V/Net 3532688231: Recv: FriendList.GetTroopMemberList.Response[0m
[0m2021-03-27 00:02:18 V/Net 3532688231: Recv: FriendList.GetTroopMemberList.Response[0m
[0m2021-03-27 00:02:18 V/Net 3532688231: Recv: FriendList.GetTroopMemberList.Response[0m
[0m2021-03-27 00:02:18 V/Net 3532688231: Recv: FriendList.GetTroopMemberList.Response[0m
[0m2021-03-27 00:02:18 V/Net 3532688231: Recv: FriendList.GetTroopMemberList.Response[0m
[0m2021-03-27 00:02:18 V/Net 3532688231: Recv: FriendList.GetTroopMemberList.Response[0m
[92m2021-03-27 00:02:18 I/Net 3532688231: Successfully loaded group list: 17 in total.[0m
[0m2021-03-27 00:02:18 V/Net 3532688231: Send: MessageSvc.PbDeleteMsg[0m
[92m2021-03-27 00:02:18 I/Net 3532688231: Syncing friend message history: Success.[0m
[0m2021-03-27 00:02:21 V/Net 3532688231: Recv: ConfigPushSvc.PushReq.PushReqResponse.ServerListPush[0m
[92m2021-03-27 00:02:21 I/Net 3532688231: Server list updated.[0m
[0m2021-03-27 00:02:21 V/Net 3532688231: Saving bdh session to cache[0m
[0m2021-03-27 00:02:21 V/Net 3532688231: Saving server list to cache[0m
[0m2021-03-27 00:02:21 V/Net 3532688231: Send: ConfigPushSvc.PushResp[0m
[92m2021-03-27 00:02:21 I/Net 3532688231: ConfigPushSvc.PushReq: Server updated.[0m
[96m2021-03-27 00:02:21 D/Net 3532688231: Received unknown commandName: ConfigPushSvc.PushDomain[0m
[0m2021-03-27 00:02:21 V/Net 3532688231: Recv: ConfigPushSvc.PushReq.PushReqResponse.ConfigPush[0m
[0m2021-03-27 00:02:21 V/Net 3532688231: Saving bdh session to cache[0m
[0m2021-03-27 00:02:21 V/Net 3532688231: Send: ConfigPushSvc.PushResp[0m
[0m2021-03-27 00:02:26 V/Net 3532688231: Send: ImgStore.GroupPicUp[0m
[0m2021-03-27 00:02:26 V/Net 3532688231: Recv: FileExists(fileId=2538731836, fileInfo=ImgInfo(fileMd5=[14, -39, -2, -26, 48, -86, 46, -39, 36, 38, -47, 49, -70, -98, 106, -126], fileType=2001, fileSize=717619, fileWidth=0, fileHeight=0))[0m
[0m2021-03-27 00:02:26 V/Net 3532688231: Send: MessageSvc.PbSendMsg[0m
[0m2021-03-27 00:02:27 V/Net 3532688231: Recv: MessageSvcPbSendMsg.Response.SUCCESS[0m
[0m2021-03-27 00:03:57 V/Net 3532688231: Send: OnlinePush.RespPush[0m
[0m2021-03-27 00:04:06 V/Net 3532688231: Send: OnlinePush.RespPush[0m
[0m2021-03-27 00:04:48 V/Net 3532688231: Loading BdhSession from cache file[0m
[0m2021-03-27 00:04:48 V/Net 3532688231: Loading server list from cache.[0m
[92m2021-03-27 00:04:48 I/Net 3532688231: Connected to server msfwifi.3g.qq.com:8080[0m
[0m2021-03-27 00:04:48 V/Net 3532688231: Send: wtlogin.login[0m
[0m2021-03-27 00:04:48 V/Net 3532688231: Recv: LoginPacketResponse.Success[0m
[92m2021-03-27 00:04:48 I/Net 3532688231: Login successful[0m
[0m2021-03-27 00:04:48 V/Net 3532688231: Send: StatSvc.register[0m
[0m2021-03-27 00:04:48 V/Net 3532688231: Recv: Response(StatSvc.register)[0m
[92m2021-03-27 00:04:48 I/Net 3532688231: Scheduled key refresh in 5h 55min 0.0s.[0m
[0m2021-03-27 00:04:48 V/Net 3532688231: Send: StatSvc.register[0m
[0m2021-03-27 00:04:48 V/Net 3532688231: Recv: Response(StatSvc.register)[0m
[92m2021-03-27 00:04:48 I/Net 3532688231: Awaiting ConfigPushSvc.PushReq.[0m
[92m2021-03-27 00:04:48 I/Net 3532688231: Syncing friend message history...[0m
[92m2021-03-27 00:04:48 I/Net 3532688231: Start loading stranger list...[0m
[92m2021-03-27 00:04:48 I/Net 3532688231: Start loading friend list...[0m
[0m2021-03-27 00:04:48 V/Net 3532688231: Send: StatSvc.GetDevLoginInfo[0m
[0m2021-03-27 00:04:48 V/Net 3532688231: Send: MessageSvc.PbGetMsg[0m
[0m2021-03-27 00:04:48 V/Net 3532688231: Send: OidbSvc.0x496[0m
[0m2021-03-27 00:04:48 V/Net 3532688231: Send: OidbSvc.0x5d2_0[0m
[0m2021-03-27 00:04:48 V/Net 3532688231: Send: friendlist.getFriendGroupList[0m
[0m2021-03-27 00:04:48 V/Net 3532688231: Send: MessageSvc.PbDeleteMsg[0m
[0m2021-03-27 00:04:48 V/Net 3532688231: Send: MessageSvc.PbGetMsg[0m
[0m2021-03-27 00:04:48 V/Net 3532688231: Recv: StrangerList.GetStrangerList.Response(result=0)[0m
[92m2021-03-27 00:04:48 I/Net 3532688231: Successfully loaded stranger list: 0 in total[0m
[0m2021-03-27 00:04:48 V/Net 3532688231: Recv: TroopManagement.GetTroopConfig.Response(true)[0m
[92m2021-03-27 00:04:48 I/Net 3532688231: Start loading group list...[0m
[0m2021-03-27 00:04:48 V/Net 3532688231: Send: friendlist.GetTroopListReqV2[0m
[0m2021-03-27 00:04:48 V/Net 3532688231: Send: MessageSvc.PbDeleteMsg[0m
[0m2021-03-27 00:04:48 V/Net 3532688231: Send: MessageSvc.PbGetMsg[0m
[0m2021-03-27 00:04:48 V/Net 3532688231: Recv: StatSvc.GetDevLoginInfo.Response(deviceList.size=1)[0m
[0m2021-03-27 00:04:48 V/Net 3532688231: Send: MessageSvc.PbDeleteMsg[0m
[0m2021-03-27 00:04:48 V/Net 3532688231: Send: MessageSvc.PbGetMsg[0m
[0m2021-03-27 00:04:48 V/Net 3532688231: Recv: FriendList.GetFriendGroupList.Response[0m
[0m2021-03-27 00:04:48 V/Net 3532688231: Loading friend list: 73/73[0m
[92m2021-03-27 00:04:48 I/Net 3532688231: Successfully loaded friend list: 73 in total[0m
[0m2021-03-27 00:04:48 V/Net 3532688231: Send: MessageSvc.PbDeleteMsg[0m
[0m2021-03-27 00:04:48 V/Net 3532688231: Send: MessageSvc.PbGetMsg[0m
[0m2021-03-27 00:04:48 V/Net 3532688231: Recv: FriendList.GetFriendGroupList.Response[0m
[0m2021-03-27 00:04:48 V/Net 3532688231: Send: friendlist.GetTroopMemberListReq[0m
[0m2021-03-27 00:04:48 V/Net 3532688231: Send: friendlist.GetTroopMemberListReq[0m
[0m2021-03-27 00:04:48 V/Net 3532688231: Send: friendlist.GetTroopMemberListReq[0m
[0m2021-03-27 00:04:48 V/Net 3532688231: Send: friendlist.GetTroopMemberListReq[0m
[0m2021-03-27 00:04:48 V/Net 3532688231: Send: friendlist.GetTroopMemberListReq[0m
[0m2021-03-27 00:04:48 V/Net 3532688231: Send: friendlist.GetTroopMemberListReq[0m
[0m2021-03-27 00:04:48 V/Net 3532688231: Send: friendlist.GetTroopMemberListReq[0m
[0m2021-03-27 00:04:48 V/Net 3532688231: Send: friendlist.GetTroopMemberListReq[0m
[0m2021-03-27 00:04:48 V/Net 3532688231: Send: friendlist.GetTroopMemberListReq[0m
[0m2021-03-27 00:04:48 V/Net 3532688231: Send: friendlist.GetTroopMemberListReq[0m
[0m2021-03-27 00:04:48 V/Net 3532688231: Send: friendlist.GetTroopMemberListReq[0m
[0m2021-03-27 00:04:48 V/Net 3532688231: Send: friendlist.GetTroopMemberListReq[0m
[0m2021-03-27 00:04:48 V/Net 3532688231: Send: friendlist.GetTroopMemberListReq[0m
[0m2021-03-27 00:04:48 V/Net 3532688231: Send: friendlist.GetTroopMemberListReq[0m
[0m2021-03-27 00:04:48 V/Net 3532688231: Send: friendlist.GetTroopMemberListReq[0m
[0m2021-03-27 00:04:48 V/Net 3532688231: Send: friendlist.GetTroopMemberListReq[0m
[0m2021-03-27 00:04:48 V/Net 3532688231: Send: friendlist.GetTroopMemberListReq[0m
[0m2021-03-27 00:04:48 V/Net 3532688231: Send: MessageSvc.PbDeleteMsg[0m
[92m2021-03-27 00:04:48 I/Net 3532688231: Syncing friend message history: Success.[0m
[0m2021-03-27 00:04:48 V/Net 3532688231: Recv: FriendList.GetTroopMemberList.Response[0m
[0m2021-03-27 00:04:48 V/Net 3532688231: Recv: FriendList.GetTroopMemberList.Response[0m
[0m2021-03-27 00:04:48 V/Net 3532688231: Recv: FriendList.GetTroopMemberList.Response[0m
[0m2021-03-27 00:04:48 V/Net 3532688231: Recv: FriendList.GetTroopMemberList.Response[0m
[0m2021-03-27 00:04:48 V/Net 3532688231: Recv: FriendList.GetTroopMemberList.Response[0m
[0m2021-03-27 00:04:48 V/Net 3532688231: Recv: FriendList.GetTroopMemberList.Response[0m
[0m2021-03-27 00:04:48 V/Net 3532688231: Recv: FriendList.GetTroopMemberList.Response[0m
[0m2021-03-27 00:04:48 V/Net 3532688231: Recv: FriendList.GetTroopMemberList.Response[0m
[0m2021-03-27 00:04:48 V/Net 3532688231: Recv: FriendList.GetTroopMemberList.Response[0m
[0m2021-03-27 00:04:48 V/Net 3532688231: Recv: FriendList.GetTroopMemberList.Response[0m
[0m2021-03-27 00:04:48 V/Net 3532688231: Recv: FriendList.GetTroopMemberList.Response[0m
[0m2021-03-27 00:04:49 V/Net 3532688231: Recv: FriendList.GetTroopMemberList.Response[0m
[0m2021-03-27 00:04:49 V/Net 3532688231: Recv: FriendList.GetTroopMemberList.Response[0m
[0m2021-03-27 00:04:49 V/Net 3532688231: Recv: FriendList.GetTroopMemberList.Response[0m
[0m2021-03-27 00:04:49 V/Net 3532688231: Recv: FriendList.GetTroopMemberList.Response[0m
[0m2021-03-27 00:04:49 V/Net 3532688231: Recv: FriendList.GetTroopMemberList.Response[0m
[0m2021-03-27 00:04:49 V/Net 3532688231: Recv: FriendList.GetTroopMemberList.Response[0m
[92m2021-03-27 00:04:49 I/Net 3532688231: Successfully loaded group list: 17 in total.[0m
[0m2021-03-27 00:04:51 V/Net 3532688231: Recv: ConfigPushSvc.PushReq.PushReqResponse.ServerListPush[0m
[92m2021-03-27 00:04:51 I/Net 3532688231: Server list updated.[0m
[0m2021-03-27 00:04:51 V/Net 3532688231: Saving bdh session to cache[0m
[0m2021-03-27 00:04:51 V/Net 3532688231: Saving server list to cache[0m
[0m2021-03-27 00:04:51 V/Net 3532688231: Send: ConfigPushSvc.PushResp[0m
[92m2021-03-27 00:04:51 I/Net 3532688231: ConfigPushSvc.PushReq: Server updated.[0m
[96m2021-03-27 00:04:51 D/Net 3532688231: Received unknown commandName: ConfigPushSvc.PushDomain[0m
[0m2021-03-27 00:04:51 V/Net 3532688231: Recv: ConfigPushSvc.PushReq.PushReqResponse.ConfigPush[0m
[0m2021-03-27 00:04:51 V/Net 3532688231: Saving bdh session to cache[0m
[0m2021-03-27 00:04:51 V/Net 3532688231: Send: ConfigPushSvc.PushResp[0m
[0m2021-03-27 00:09:18 V/Net 3532688231: Send: Heartbeat.Alive[0m
[0m2021-03-27 00:09:18 V/Net 3532688231: Recv: Heartbeat.Alive.Response[0m
